=== 22.07.2025 14:19:09,80 
git@github.com: Permission denied (publickey).
fatal: Could not read from remote repository.

Please make sure you have the correct access rights
and the repository exists.
=== 22.07.2025 14:28:02,75 
git@github.com: Permission denied (publickey).
fatal: Could not read from remote repository.

Please make sure you have the correct access rights
and the repository exists.
=== 22.07.2025 14:29:03,19 
git@github.com: Permission denied (publickey).
fatal: Could not read from remote repository.

Please make sure you have the correct access rights
and the repository exists.
=== 22.07.2025 14:30:03,70 
From github.com:amakac/yugaphoto.local
 * branch            main       -> FETCH_HEAD
Already up to date.
=== 22.07.2025 14:31:05,19 
From github.com:amakac/yugaphoto.local
 * branch            main       -> FETCH_HEAD
Already up to date.
=== 22.07.2025 14:32:06,16 
From github.com:amakac/yugaphoto.local
 * branch            main       -> FETCH_HEAD
   e83130a..3ba7fbb  main       -> origin/main
Updating e83130a..3ba7fbb
Fast-forward
 robots.txt | 1 +
 1 file changed, 1 insertion(+)
=== 22.07.2025 14:33:08,18 
From github.com:amakac/yugaphoto.local
 * branch            main       -> FETCH_HEAD
Already up to date.
